2019-05-14 18:38:16.344 [main] INFO  com.lyf.logback.Application - Starting Application on liyingfeng with PID 42360 (C:\Users\liyingfeng\IdeaProjects\spring-boot\1-6-logback\target\classes started by liyingfeng in C:\Users\liyingfeng\IdeaProjects\spring-boot)
2019-05-14 18:38:16.346 [main] DEBUG com.lyf.logback.Application - Running with Spring Boot v2.1.4.RELEASE, Spring v5.1.6.RELEASE
2019-05-14 18:38:16.346 [main] INFO  com.lyf.logback.Application - No active profile set, falling back to default profiles: default
2019-05-14 18:38:17.143 [main] INFO  o.s.b.w.e.tomcat.TomcatWebServer - Tomcat initialized with port(s): 8080 (http)
2019-05-14 18:38:17.153 [main] INFO  o.a.coyote.http11.Http11NioProtocol - Initializing ProtocolHandler ["http-nio-8080"]
2019-05-14 18:38:17.161 [main] INFO  o.a.catalina.core.StandardService - Starting service [Tomcat]
2019-05-14 18:38:17.162 [main] INFO  o.a.catalina.core.StandardEngine - Starting Servlet engine: [Apache Tomcat/9.0.17]
2019-05-14 18:38:17.276 [main] INFO  o.a.c.c.C.[Tomcat].[localhost].[/] - Initializing Spring embedded WebApplicationContext
2019-05-14 18:38:17.276 [main] INFO  o.s.web.context.ContextLoader - Root WebApplicationContext: initialization completed in 881 ms
2019-05-14 18:38:17.436 [main] INFO  o.s.s.c.ThreadPoolTaskExecutor - Initializing ExecutorService 'applicationTaskExecutor'
2019-05-14 18:38:17.548 [main] INFO  o.a.coyote.http11.Http11NioProtocol - Starting ProtocolHandler ["http-nio-8080"]
2019-05-14 18:38:17.565 [main] INFO  o.s.b.w.e.tomcat.TomcatWebServer - Tomcat started on port(s): 8080 (http) with context path ''
2019-05-14 18:38:17.568 [main] INFO  com.lyf.logback.Application - Started Application in 1.531 seconds (JVM running for 2.298)
2019-05-14 18:38:29.688 [main] INFO  com.lyf.logback.Application - Starting Application on liyingfeng with PID 34392 (C:\Users\liyingfeng\IdeaProjects\spring-boot\1-6-logback\target\classes started by liyingfeng in C:\Users\liyingfeng\IdeaProjects\spring-boot)
2019-05-14 18:38:29.690 [main] DEBUG com.lyf.logback.Application - Running with Spring Boot v2.1.4.RELEASE, Spring v5.1.6.RELEASE
2019-05-14 18:38:29.690 [main] INFO  com.lyf.logback.Application - No active profile set, falling back to default profiles: default
2019-05-14 18:38:30.510 [main] INFO  o.s.b.w.e.tomcat.TomcatWebServer - Tomcat initialized with port(s): 8080 (http)
2019-05-14 18:38:30.523 [main] INFO  o.a.coyote.http11.Http11NioProtocol - Initializing ProtocolHandler ["http-nio-8080"]
2019-05-14 18:38:30.530 [main] INFO  o.a.catalina.core.StandardService - Starting service [Tomcat]
2019-05-14 18:38:30.531 [main] INFO  o.a.catalina.core.StandardEngine - Starting Servlet engine: [Apache Tomcat/9.0.17]
2019-05-14 18:38:30.626 [main] INFO  o.a.c.c.C.[Tomcat].[localhost].[/] - Initializing Spring embedded WebApplicationContext
2019-05-14 18:38:30.626 [main] INFO  o.s.web.context.ContextLoader - Root WebApplicationContext: initialization completed in 884 ms
2019-05-14 18:38:30.787 [main] INFO  o.s.s.c.ThreadPoolTaskExecutor - Initializing ExecutorService 'applicationTaskExecutor'
2019-05-14 18:38:30.905 [main] INFO  o.a.coyote.http11.Http11NioProtocol - Starting ProtocolHandler ["http-nio-8080"]
2019-05-14 18:38:30.922 [main] INFO  o.s.b.w.e.tomcat.TomcatWebServer - Tomcat started on port(s): 8080 (http) with context path ''
2019-05-14 18:38:30.925 [main] INFO  com.lyf.logback.Application - Started Application in 1.548 seconds (JVM running for 2.359)
2019-05-14 18:48:05.943 [main] INFO  com.lyf.logback.Application - Starting Application on liyingfeng with PID 15636 (C:\Users\liyingfeng\IdeaProjects\spring-boot\1-6-logback\target\classes started by liyingfeng in C:\Users\liyingfeng\IdeaProjects\spring-boot)
2019-05-14 18:48:05.946 [main] DEBUG com.lyf.logback.Application - Running with Spring Boot v2.1.4.RELEASE, Spring v5.1.6.RELEASE
2019-05-14 18:48:05.946 [main] INFO  com.lyf.logback.Application - No active profile set, falling back to default profiles: default
2019-05-14 18:48:06.787 [main] INFO  o.s.b.w.e.tomcat.TomcatWebServer - Tomcat initialized with port(s): 8080 (http)
2019-05-14 18:48:06.797 [main] INFO  o.a.coyote.http11.Http11NioProtocol - Initializing ProtocolHandler ["http-nio-8080"]
2019-05-14 18:48:06.804 [main] INFO  o.a.catalina.core.StandardService - Starting service [Tomcat]
2019-05-14 18:48:06.805 [main] INFO  o.a.catalina.core.StandardEngine - Starting Servlet engine: [Apache Tomcat/9.0.17]
2019-05-14 18:48:06.924 [main] INFO  o.a.c.c.C.[Tomcat].[localhost].[/] - Initializing Spring embedded WebApplicationContext
2019-05-14 18:48:06.924 [main] INFO  o.s.web.context.ContextLoader - Root WebApplicationContext: initialization completed in 918 ms
2019-05-14 18:48:07.094 [main] INFO  o.s.s.c.ThreadPoolTaskExecutor - Initializing ExecutorService 'applicationTaskExecutor'
2019-05-14 18:48:07.220 [main] INFO  o.a.coyote.http11.Http11NioProtocol - Starting ProtocolHandler ["http-nio-8080"]
2019-05-14 18:48:07.239 [main] INFO  o.s.b.w.e.tomcat.TomcatWebServer - Tomcat started on port(s): 8080 (http) with context path ''
2019-05-14 18:48:07.241 [main] INFO  com.lyf.logback.Application - Started Application in 1.605 seconds (JVM running for 2.317)
